<?xml version="1.0" encoding="UTF-8"?>
<!-- Generated by org.testng.reporters.JUnitReportReporter -->
<testsuite hostname="MalathiGowtham" failures="0" tests="1" name="testCases.LoginPageTestCase" time="13.013" errors="0" timestamp="2024-05-28T17:30:43 IST" skipped="0">
  <testcase classname="testCases.LoginPageTestCase" name="loginTest" time="13.013"/>
  <system-out/>
</testsuite> <!-- testCases.LoginPageTestCase -->
